Determining if the pthread_create exist failed with the following output:
Change Dir: /home/ben/Golden_Eagle/CMakeFiles/CMakeTmp

Run Build Command:/usr/bin/make "cmTryCompileExec4065061844/fast"
/usr/bin/make -f CMakeFiles/cmTryCompileExec4065061844.dir/build.make CMakeFiles/cmTryCompileExec4065061844.dir/build
make[1]: Entering directory `/home/ben/Golden_Eagle/CMakeFiles/CMakeTmp'
/usr/bin/cmake -E cmake_progress_report /home/ben/Golden_Eagle/CMakeFiles/CMakeTmp/CMakeFiles 1
Building C object CMakeFiles/cmTryCompileExec4065061844.dir/CheckSymbolExists.c.o
/usr/bin/cc    -o CMakeFiles/cmTryCompileExec4065061844.dir/CheckSymbolExists.c.o   -c /home/ben/Golden_Eagle/CMakeFiles/CMakeTmp/CheckSymbolExists.c
Linking C executable cmTryCompileExec4065061844
/usr/bin/cmake -E cmake_link_script CMakeFiles/cmTryCompileExec4065061844.dir/link.txt --verbose=1
/usr/bin/cc         CMakeFiles/cmTryCompileExec4065061844.dir/CheckSymbolExists.c.o  -o cmTryCompileExec4065061844 -rdynamic 
CMakeFiles/cmTryCompileExec4065061844.dir/CheckSymbolExists.c.o: In function `main':
CheckSymbolExists.c:(.text+0x16): undefined reference to `pthread_create'
collect2: error: ld returned 1 exit status
make[1]: Leaving directory `/home/ben/Golden_Eagle/CMakeFiles/CMakeTmp'
make[1]: *** [cmTryCompileExec4065061844] Error 1
make: *** [cmTryCompileExec4065061844/fast] Error 2

File /home/ben/Golden_Eagle/CMakeFiles/CMakeTmp/CheckSymbolExists.c:
/* */
#include <pthread.h>

int main(int argc, char** argv)
{
  (void)argv;
#ifndef pthread_create
  return ((int*)(&pthread_create))[argc];
#else
  (void)argc;
  return 0;
#endif
}

Determining if the function pthread_create exists in the pthreads failed with the following output:
Change Dir: /home/ben/Golden_Eagle/CMakeFiles/CMakeTmp

Run Build Command:/usr/bin/make "cmTryCompileExec3905588508/fast"
/usr/bin/make -f CMakeFiles/cmTryCompileExec3905588508.dir/build.make CMakeFiles/cmTryCompileExec3905588508.dir/build
make[1]: Entering directory `/home/ben/Golden_Eagle/CMakeFiles/CMakeTmp'
/usr/bin/cmake -E cmake_progress_report /home/ben/Golden_Eagle/CMakeFiles/CMakeTmp/CMakeFiles 1
Building C object CMakeFiles/cmTryCompileExec3905588508.dir/CheckFunctionExists.c.o
/usr/bin/cc   -DCHECK_FUNCTION_EXISTS=pthread_create   -o CMakeFiles/cmTryCompileExec3905588508.dir/CheckFunctionExists.c.o   -c /usr/share/cmake-2.8/Modules/CheckFunctionExists.c
Linking C executable cmTryCompileExec3905588508
/usr/bin/cmake -E cmake_link_script CMakeFiles/cmTryCompileExec3905588508.dir/link.txt --verbose=1
/usr/bin/cc     -DCHECK_FUNCTION_EXISTS=pthread_create    CMakeFiles/cmTryCompileExec3905588508.dir/CheckFunctionExists.c.o  -o cmTryCompileExec3905588508 -rdynamic -lpthreads 
/usr/bin/ld: cannot find -lpthreads
collect2: error: ld returned 1 exit status
make[1]: *** [cmTryCompileExec3905588508] Error 1
make[1]: Leaving directory `/home/ben/Golden_Eagle/CMakeFiles/CMakeTmp'
make: *** [cmTryCompileExec3905588508/fast] Error 2


Determining if the function glXGetProcAddressEXT exists failed with the following output:
Change Dir: /home/ben/Golden_Eagle/CMakeFiles/CMakeTmp

Run Build Command:/usr/bin/make "cmTryCompileExec392742833/fast"
/usr/bin/make -f CMakeFiles/cmTryCompileExec392742833.dir/build.make CMakeFiles/cmTryCompileExec392742833.dir/build
make[1]: Entering directory `/home/ben/Golden_Eagle/CMakeFiles/CMakeTmp'
/usr/bin/cmake -E cmake_progress_report /home/ben/Golden_Eagle/CMakeFiles/CMakeTmp/CMakeFiles 1
Building C object CMakeFiles/cmTryCompileExec392742833.dir/CheckFunctionExists.c.o
/usr/bin/cc   -DCHECK_FUNCTION_EXISTS=glXGetProcAddressEXT   -o CMakeFiles/cmTryCompileExec392742833.dir/CheckFunctionExists.c.o   -c /usr/share/cmake-2.8/Modules/CheckFunctionExists.c
Linking C executable cmTryCompileExec392742833
/usr/bin/cmake -E cmake_link_script CMakeFiles/cmTryCompileExec392742833.dir/link.txt --verbose=1
/usr/bin/cc     -DCHECK_FUNCTION_EXISTS=glXGetProcAddressEXT    CMakeFiles/cmTryCompileExec392742833.dir/CheckFunctionExists.c.o  -o cmTryCompileExec392742833 -rdynamic -lGL 
CMakeFiles/cmTryCompileExec392742833.dir/CheckFunctionExists.c.o: In function `main':
CheckFunctionExists.c:(.text+0x15): undefined reference to `glXGetProcAddressEXT'
collect2: error: ld returned 1 exit status
make[1]: Leaving directory `/home/ben/Golden_Eagle/CMakeFiles/CMakeTmp'
make[1]: *** [cmTryCompileExec392742833] Error 1
make: *** [cmTryCompileExec392742833/fast] Error 2


